<?xml version="1.0" encoding="UTF-8"?>
<testng-results skipped="0" failed="0" ignored="0" total="1" passed="1">
  <reporter-output>
  </reporter-output>
  <suite name="Default suite" duration-ms="11642" started-at="2018-06-15T04:54:45Z" finished-at="2018-06-15T04:54:57Z">
    <groups>
    </groups>
    <test name="Default test" duration-ms="11642" started-at="2018-06-15T04:54:45Z" finished-at="2018-06-15T04:54:57Z">
      <class name="DriverTesting.DriverTesting.HomePageLoginTest">
        <test-method status="PASS" signature="beforeMethod()[pri:0, instance:DriverTesting.DriverTesting.HomePageLoginTest@12f41634]" name="beforeMethod" is-config="true" duration-ms="8322" started-at="2018-06-15T04:54:45Z" finished-at="2018-06-15T04:54:53Z">
          <reporter-output>
          </reporter-output>
        </test-method> <!-- beforeMethod -->
        <test-method status="PASS" signature="homePageLogin()[pri:0, instance:DriverTesting.DriverTesting.HomePageLoginTest@12f41634]" name="homePageLogin" duration-ms="3287" started-at="2018-06-15T04:54:53Z" finished-at="2018-06-15T04:54:57Z">
          <reporter-output>
          </reporter-output>
        </test-method> <!-- homePageLogin -->
        <test-method status="PASS" signature="afterMethod()[pri:0, instance:DriverTesting.DriverTesting.HomePageLoginTest@12f41634]" name="afterMethod" is-config="true" duration-ms="12" started-at="2018-06-15T04:54:57Z" finished-at="2018-06-15T04:54:57Z">
          <reporter-output>
          </reporter-output>
        </test-method> <!-- afterMethod -->
      </class> <!-- DriverTesting.DriverTesting.HomePageLoginTest -->
    </test> <!-- Default test -->
  </suite> <!-- Default suite -->
</testng-results>
